[25-Feb-2019 22:37:40 UTC] PHP Fatal error:  Function name must be a string in /home/ubuntu/workspace/cloned_git/Lectures/02-25-19.php on line 12
[25-Feb-2019 22:37:40 UTC] PHP Stack trace:
[25-Feb-2019 22:37:40 UTC] PHP   1. {main}() /home/ubuntu/workspace/cloned_git/Lectures/02-25-19.php:0
[25-Feb-2019 22:38:04 UTC] PHP Parse error:  syntax error, unexpected '(', expecting variable (T_VARIABLE) or '$' in /home/ubuntu/workspace/cloned_git/Lectures/02-25-19.php on line 12
[25-Feb-2019 22:38:43 UTC] PHP Parse error:  syntax error, unexpected '=' in /home/ubuntu/workspace/cloned_git/Lectures/02-25-19.php on line 13
[25-Feb-2019 22:38:57 UTC] PHP Parse error:  syntax error, unexpected '=', expecting ';' in /home/ubuntu/workspace/cloned_git/Lectures/02-25-19.php on line 16
[25-Feb-2019 22:39:06 UTC] PHP Warning:  log() expects parameter 1 to be double, string given in /home/ubuntu/workspace/cloned_git/Lectures/02-25-19.php on line 14
[25-Feb-2019 22:39:06 UTC] PHP Stack trace:
[25-Feb-2019 22:39:06 UTC] PHP   1. {main}() /home/ubuntu/workspace/cloned_git/Lectures/02-25-19.php:0
[25-Feb-2019 22:39:06 UTC] PHP   2. log() /home/ubuntu/workspace/cloned_git/Lectures/02-25-19.php:14
[25-Feb-2019 22:40:30 UTC] PHP Warning:  log() expects parameter 1 to be double, string given in /home/ubuntu/workspace/cloned_git/Lectures/02-25-19.php on line 14
[25-Feb-2019 22:40:30 UTC] PHP Stack trace:
[25-Feb-2019 22:40:30 UTC] PHP   1. {main}() /home/ubuntu/workspace/cloned_git/Lectures/02-25-19.php:0
[25-Feb-2019 22:40:30 UTC] PHP   2. log() /home/ubuntu/workspace/cloned_git/Lectures/02-25-19.php:14
[25-Feb-2019 22:42:04 UTC] PHP Parse error:  syntax error, unexpected '=', expecting ';' in /home/ubuntu/workspace/cloned_git/Lectures/02-25-19.php on line 13
[25-Feb-2019 22:43:05 UTC] PHP Parse error:  syntax error, unexpected '=', expecting ';' in /home/ubuntu/workspace/cloned_git/Lectures/02-25-19.php on line 13
[25-Feb-2019 22:48:16 UTC] PHP Parse error:  syntax error, unexpected '<' in /home/ubuntu/workspace/cloned_git/Lectures/02-25-19.php on line 3
[25-Feb-2019 22:53:31 UTC] PHP Warning:  Division by zero in /home/ubuntu/workspace/cloned_git/Lectures/02-25-19.php on line 29
[25-Feb-2019 22:53:31 UTC] PHP Stack trace:
[25-Feb-2019 22:53:31 UTC] PHP   1. {main}() /home/ubuntu/workspace/cloned_git/Lectures/02-25-19.php:0
[25-Feb-2019 22:55:28 UTC] PHP Parse error:  syntax error, unexpected ':' in /home/ubuntu/workspace/cloned_git/Lectures/02-25-19.php on line 31
