[26-Apr-2019 17:52:10 UTC] PHP Fatal error:  Uncaught exception 'PDOException' with message 'SQLSTATE[42000]: Syntax error or access violation: 1064 You have an error in your SQL syntax; check the manual that corresponds to your MySQL server version for the right syntax to use near '' at line 3' in /home/ubuntu/workspace/cloned_git/Assignments/project_5/APIs/login.php:20
Stack trace:
#0 /home/ubuntu/workspace/cloned_git/Assignments/project_5/APIs/login.php(20): PDOStatement->execute(Array)
#1 {main}
  thrown in /home/ubuntu/workspace/cloned_git/Assignments/project_5/APIs/login.php on line 20
[26-Apr-2019 18:44:42 UTC] PHP Fatal error:  Uncaught exception 'PDOException' with message 'SQLSTATE[42S22]: Column not found: 1054 Unknown column 'email' in 'where clause'' in /home/ubuntu/workspace/cloned_git/Assignments/project_5/APIs/login.php:20
Stack trace:
#0 /home/ubuntu/workspace/cloned_git/Assignments/project_5/APIs/login.php(20): PDOStatement->execute(Array)
#1 {main}
  thrown in /home/ubuntu/workspace/cloned_git/Assignments/project_5/APIs/login.php on line 20
[26-Apr-2019 18:46:14 UTC] PHP Fatal error:  Uncaught exception 'PDOException' with message 'SQLSTATE[42S22]: Column not found: 1054 Unknown column 'derp' in 'where clause'' in /home/ubuntu/workspace/cloned_git/Assignments/project_5/APIs/login.php:20
Stack trace:
#0 /home/ubuntu/workspace/cloned_git/Assignments/project_5/APIs/login.php(20): PDOStatement->execute(Array)
#1 {main}
  thrown in /home/ubuntu/workspace/cloned_git/Assignments/project_5/APIs/login.php on line 20
[26-Apr-2019 18:46:47 UTC] PHP Fatal error:  Uncaught exception 'PDOException' with message 'SQLSTATE[42S22]: Column not found: 1054 Unknown column 'derp' in 'where clause'' in /home/ubuntu/workspace/cloned_git/Assignments/project_5/APIs/login.php:20
Stack trace:
#0 /home/ubuntu/workspace/cloned_git/Assignments/project_5/APIs/login.php(20): PDOStatement->execute(Array)
#1 {main}
  thrown in /home/ubuntu/workspace/cloned_git/Assignments/project_5/APIs/login.php on line 20
[26-Apr-2019 18:48:47 UTC] PHP Fatal error:  Uncaught exception 'PDOException' with message 'SQLSTATE[42S22]: Column not found: 1054 Unknown column 'wat' in 'where clause'' in /home/ubuntu/workspace/cloned_git/Assignments/project_5/APIs/login.php:20
Stack trace:
#0 /home/ubuntu/workspace/cloned_git/Assignments/project_5/APIs/login.php(20): PDOStatement->execute(Array)
#1 {main}
  thrown in /home/ubuntu/workspace/cloned_git/Assignments/project_5/APIs/login.php on line 20
[26-Apr-2019 20:24:24 UTC] PHP Fatal error:  Uncaught exception 'PDOException' with message 'SQLSTATE[42000]: Syntax error or access violation: 1064 You have an error in your SQL syntax; check the manual that corresponds to your MySQL server version for the right syntax to use near '' at line 3' in /home/ubuntu/workspace/cloned_git/Assignments/project_5/APIs/login.php:19
Stack trace:
#0 /home/ubuntu/workspace/cloned_git/Assignments/project_5/APIs/login.php(19): PDOStatement->execute(NULL)
#1 {main}
  thrown in /home/ubuntu/workspace/cloned_git/Assignments/project_5/APIs/login.php on line 19
[26-Apr-2019 20:28:28 UTC] PHP Fatal error:  Uncaught exception 'PDOException' with message 'SQLSTATE[42000]: Syntax error or access violation: 1064 You have an error in your SQL syntax; check the manual that corresponds to your MySQL server version for the right syntax to use near '' at line 3' in /home/ubuntu/workspace/cloned_git/Assignments/project_5/APIs/login.php:19
Stack trace:
#0 /home/ubuntu/workspace/cloned_git/Assignments/project_5/APIs/login.php(19): PDOStatement->execute()
#1 {main}
  thrown in /home/ubuntu/workspace/cloned_git/Assignments/project_5/APIs/login.php on line 19
[26-Apr-2019 20:29:29 UTC] PHP Fatal error:  Uncaught exception 'PDOException' with message 'SQLSTATE[42000]: Syntax error or access violation: 1064 You have an error in your SQL syntax; check the manual that corresponds to your MySQL server version for the right syntax to use near '' at line 3' in /home/ubuntu/workspace/cloned_git/Assignments/project_5/APIs/login.php:19
Stack trace:
#0 /home/ubuntu/workspace/cloned_git/Assignments/project_5/APIs/login.php(19): PDOStatement->execute()
#1 {main}
  thrown in /home/ubuntu/workspace/cloned_git/Assignments/project_5/APIs/login.php on line 19
[26-Apr-2019 21:31:42 UTC] PHP Fatal error:  Uncaught exception 'PDOException' with message 'SQLSTATE[42000]: Syntax error or access violation: 1064 You have an error in your SQL syntax; check the manual that corresponds to your MySQL server version for the right syntax to use near '' at line 3' in /home/ubuntu/workspace/cloned_git/Assignments/project_5/APIs/login.php:19
Stack trace:
#0 /home/ubuntu/workspace/cloned_git/Assignments/project_5/APIs/login.php(19): PDOStatement->execute()
#1 {main}
  thrown in /home/ubuntu/workspace/cloned_git/Assignments/project_5/APIs/login.php on line 19
[26-Apr-2019 21:32:25 UTC] PHP Fatal error:  Uncaught exception 'PDOException' with message 'SQLSTATE[42000]: Syntax error or access violation: 1064 You have an error in your SQL syntax; check the manual that corresponds to your MySQL server version for the right syntax to use near '' at line 3' in /home/ubuntu/workspace/cloned_git/Assignments/project_5/APIs/login.php:19
Stack trace:
#0 /home/ubuntu/workspace/cloned_git/Assignments/project_5/APIs/login.php(19): PDOStatement->execute()
#1 {main}
  thrown in /home/ubuntu/workspace/cloned_git/Assignments/project_5/APIs/login.php on line 19
[26-Apr-2019 21:33:12 UTC] PHP Fatal error:  Uncaught exception 'PDOException' with message 'SQLSTATE[42000]: Syntax error or access violation: 1064 You have an error in your SQL syntax; check the manual that corresponds to your MySQL server version for the right syntax to use near '' at line 3' in /home/ubuntu/workspace/cloned_git/Assignments/project_5/APIs/login.php:19
Stack trace:
#0 /home/ubuntu/workspace/cloned_git/Assignments/project_5/APIs/login.php(19): PDOStatement->execute()
#1 {main}
  thrown in /home/ubuntu/workspace/cloned_git/Assignments/project_5/APIs/login.php on line 19
[26-Apr-2019 21:52:01 UTC] PHP Fatal error:  Uncaught exception 'PDOException' with message 'SQLSTATE[42000]: Syntax error or access violation: 1064 You have an error in your SQL syntax; check the manual that corresponds to your MySQL server version for the right syntax to use near '' at line 3' in /home/ubuntu/workspace/cloned_git/Assignments/project_5/APIs/login.php:19
Stack trace:
#0 /home/ubuntu/workspace/cloned_git/Assignments/project_5/APIs/login.php(19): PDOStatement->execute()
#1 {main}
  thrown in /home/ubuntu/workspace/cloned_git/Assignments/project_5/APIs/login.php on line 19
[26-Apr-2019 21:52:51 UTC] PHP Fatal error:  Uncaught exception 'PDOException' with message 'SQLSTATE[42000]: Syntax error or access violation: 1064 You have an error in your SQL syntax; check the manual that corresponds to your MySQL server version for the right syntax to use near '' at line 3' in /home/ubuntu/workspace/cloned_git/Assignments/project_5/APIs/login.php:19
Stack trace:
#0 /home/ubuntu/workspace/cloned_git/Assignments/project_5/APIs/login.php(19): PDOStatement->execute()
#1 {main}
  thrown in /home/ubuntu/workspace/cloned_git/Assignments/project_5/APIs/login.php on line 19
[26-Apr-2019 21:55:23 UTC] PHP Fatal error:  Uncaught exception 'PDOException' with message 'SQLSTATE[42S22]: Column not found: 1054 Unknown column 'hgf' in 'where clause'' in /home/ubuntu/workspace/cloned_git/Assignments/project_5/APIs/login.php:19
Stack trace:
#0 /home/ubuntu/workspace/cloned_git/Assignments/project_5/APIs/login.php(19): PDOStatement->execute()
#1 {main}
  thrown in /home/ubuntu/workspace/cloned_git/Assignments/project_5/APIs/login.php on line 19
[26-Apr-2019 22:04:07 UTC] PHP Fatal error:  Uncaught exception 'PDOException' with message 'SQLSTATE[HY093]: Invalid parameter number: no parameters were bound' in /home/ubuntu/workspace/cloned_git/Assignments/project_5/APIs/login.php:22
Stack trace:
#0 /home/ubuntu/workspace/cloned_git/Assignments/project_5/APIs/login.php(22): PDOStatement->execute()
#1 {main}
  thrown in /home/ubuntu/workspace/cloned_git/Assignments/project_5/APIs/login.php on line 22
[26-Apr-2019 22:20:46 UTC] PHP Fatal error:  Uncaught exception 'PDOException' with message 'SQLSTATE[HY093]: Invalid parameter number: no parameters were bound' in /home/ubuntu/workspace/cloned_git/Assignments/project_5/APIs/login.php:21
Stack trace:
#0 /home/ubuntu/workspace/cloned_git/Assignments/project_5/APIs/login.php(21): PDOStatement->execute()
#1 {main}
  thrown in /home/ubuntu/workspace/cloned_git/Assignments/project_5/APIs/login.php on line 21
[27-Apr-2019 00:08:48 UTC] PHP Fatal error:  Uncaught exception 'PDOException' with message 'SQLSTATE[23000]: Integrity constraint violation: 1048 Column 'email_address' cannot be null' in /home/ubuntu/workspace/cloned_git/Assignments/project_5/APIs/login.php:21
Stack trace:
#0 /home/ubuntu/workspace/cloned_git/Assignments/project_5/APIs/login.php(21): PDOStatement->execute(Array)
#1 {main}
  thrown in /home/ubuntu/workspace/cloned_git/Assignments/project_5/APIs/login.php on line 21
[30-Apr-2019 02:48:23 UTC] PHP Fatal error:  Uncaught exception 'PDOException' with message 'SQLSTATE[23000]: Integrity constraint violation: 1048 Column 'email_address' cannot be null' in /home/ubuntu/workspace/cloned_git/Assignments/project_5/APIs/login.php:20
Stack trace:
#0 /home/ubuntu/workspace/cloned_git/Assignments/project_5/APIs/login.php(20): PDOStatement->execute(Array)
#1 {main}
  thrown in /home/ubuntu/workspace/cloned_git/Assignments/project_5/APIs/login.php on line 20
[30-Apr-2019 03:00:52 UTC] PHP Fatal error:  Uncaught exception 'PDOException' with message 'SQLSTATE[23000]: Integrity constraint violation: 1048 Column 'email_address' cannot be null' in /home/ubuntu/workspace/cloned_git/Assignments/project_5/APIs/login.php:19
Stack trace:
#0 /home/ubuntu/workspace/cloned_git/Assignments/project_5/APIs/login.php(19): PDOStatement->execute(Array)
#1 {main}
  thrown in /home/ubuntu/workspace/cloned_git/Assignments/project_5/APIs/login.php on line 19
[30-Apr-2019 03:01:37 UTC] PHP Fatal error:  Uncaught exception 'PDOException' with message 'SQLSTATE[23000]: Integrity constraint violation: 1048 Column 'email_address' cannot be null' in /home/ubuntu/workspace/cloned_git/Assignments/project_5/APIs/login.php:19
Stack trace:
#0 /home/ubuntu/workspace/cloned_git/Assignments/project_5/APIs/login.php(19): PDOStatement->execute(Array)
#1 {main}
  thrown in /home/ubuntu/workspace/cloned_git/Assignments/project_5/APIs/login.php on line 19
[30-Apr-2019 03:02:12 UTC] PHP Fatal error:  Uncaught exception 'PDOException' with message 'SQLSTATE[23000]: Integrity constraint violation: 1048 Column 'email_address' cannot be null' in /home/ubuntu/workspace/cloned_git/Assignments/project_5/APIs/login.php:19
Stack trace:
#0 /home/ubuntu/workspace/cloned_git/Assignments/project_5/APIs/login.php(19): PDOStatement->execute(Array)
#1 {main}
  thrown in /home/ubuntu/workspace/cloned_git/Assignments/project_5/APIs/login.php on line 19
[30-Apr-2019 03:05:37 UTC] PHP Fatal error:  Uncaught exception 'PDOException' with message 'SQLSTATE[23000]: Integrity constraint violation: 1048 Column 'email_address' cannot be null' in /home/ubuntu/workspace/cloned_git/Assignments/project_5/APIs/login.php:19
Stack trace:
#0 /home/ubuntu/workspace/cloned_git/Assignments/project_5/APIs/login.php(19): PDOStatement->execute(Array)
#1 {main}
  thrown in /home/ubuntu/workspace/cloned_git/Assignments/project_5/APIs/login.php on line 19
[30-Apr-2019 03:17:19 UTC] PHP Fatal error:  Uncaught exception 'PDOException' with message 'SQLSTATE[23000]: Integrity constraint violation: 1048 Column 'email_address' cannot be null' in /home/ubuntu/workspace/cloned_git/Assignments/project_5/APIs/login.php:19
Stack trace:
#0 /home/ubuntu/workspace/cloned_git/Assignments/project_5/APIs/login.php(19): PDOStatement->execute(Array)
#1 {main}
  thrown in /home/ubuntu/workspace/cloned_git/Assignments/project_5/APIs/login.php on line 19
[30-Apr-2019 03:23:16 UTC] PHP Fatal error:  Uncaught exception 'PDOException' with message 'SQLSTATE[HY000]: General error' in /home/ubuntu/workspace/cloned_git/Assignments/project_5/APIs/login.php:20
Stack trace:
#0 /home/ubuntu/workspace/cloned_git/Assignments/project_5/APIs/login.php(20): PDOStatement->fetchAll(2)
#1 {main}
  thrown in /home/ubuntu/workspace/cloned_git/Assignments/project_5/APIs/login.php on line 20
[30-Apr-2019 04:14:03 UTC] PHP Fatal error:  Call to undefined method PDOStatement::bind_param() in /home/ubuntu/workspace/cloned_git/Assignments/project_5/APIs/login.php on line 19
[30-Apr-2019 04:14:03 UTC] PHP Stack trace:
[30-Apr-2019 04:14:03 UTC] PHP   1. {main}() /home/ubuntu/workspace/cloned_git/Assignments/project_5/APIs/login.php:0
[30-Apr-2019 04:19:12 UTC] PHP Fatal error:  Call to undefined method PDOStatement::bind_param() in /home/ubuntu/workspace/cloned_git/Assignments/project_5/APIs/login.php on line 20
[30-Apr-2019 04:19:12 UTC] PHP Stack trace:
[30-Apr-2019 04:19:12 UTC] PHP   1. {main}() /home/ubuntu/workspace/cloned_git/Assignments/project_5/APIs/login.php:0
[30-Apr-2019 04:19:59 UTC] PHP Fatal error:  Uncaught exception 'PDOException' with message 'SQLSTATE[HY093]: Invalid parameter number: parameter was not defined' in /home/ubuntu/workspace/cloned_git/Assignments/project_5/APIs/login.php:22
Stack trace:
#0 /home/ubuntu/workspace/cloned_git/Assignments/project_5/APIs/login.php(22): PDOStatement->execute()
#1 {main}
  thrown in /home/ubuntu/workspace/cloned_git/Assignments/project_5/APIs/login.php on line 22
[30-Apr-2019 04:21:05 UTC] PHP Fatal error:  Uncaught exception 'PDOException' with message 'SQLSTATE[HY093]: Invalid parameter number: parameter was not defined' in /home/ubuntu/workspace/cloned_git/Assignments/project_5/APIs/login.php:22
Stack trace:
#0 /home/ubuntu/workspace/cloned_git/Assignments/project_5/APIs/login.php(22): PDOStatement->execute()
#1 {main}
  thrown in /home/ubuntu/workspace/cloned_git/Assignments/project_5/APIs/login.php on line 22
[30-Apr-2019 04:22:51 UTC] PHP Fatal error:  Uncaught exception 'PDOException' with message 'SQLSTATE[HY093]: Invalid parameter number: parameter was not defined' in /home/ubuntu/workspace/cloned_git/Assignments/project_5/APIs/login.php:22
Stack trace:
#0 /home/ubuntu/workspace/cloned_git/Assignments/project_5/APIs/login.php(22): PDOStatement->execute()
#1 {main}
  thrown in /home/ubuntu/workspace/cloned_git/Assignments/project_5/APIs/login.php on line 22
[30-Apr-2019 04:24:08 UTC] PHP Fatal error:  Uncaught exception 'PDOException' with message 'SQLSTATE[HY093]: Invalid parameter number: parameter was not defined' in /home/ubuntu/workspace/cloned_git/Assignments/project_5/APIs/login.php:22
Stack trace:
#0 /home/ubuntu/workspace/cloned_git/Assignments/project_5/APIs/login.php(22): PDOStatement->execute()
#1 {main}
  thrown in /home/ubuntu/workspace/cloned_git/Assignments/project_5/APIs/login.php on line 22
[30-Apr-2019 23:47:22 UTC] PHP Fatal error:  Uncaught exception 'PDOException' with message 'SQLSTATE[HY093]: Invalid parameter number: parameter was not defined' in /home/ubuntu/workspace/cloned_git/Assignments/project_5/APIs/login.php:22
Stack trace:
#0 /home/ubuntu/workspace/cloned_git/Assignments/project_5/APIs/login.php(22): PDOStatement->execute()
#1 {main}
  thrown in /home/ubuntu/workspace/cloned_git/Assignments/project_5/APIs/login.php on line 22
[30-Apr-2019 23:50:27 UTC] PHP Fatal error:  Uncaught exception 'PDOException' with message 'SQLSTATE[HY093]: Invalid parameter number: parameter was not defined' in /home/ubuntu/workspace/cloned_git/Assignments/project_5/APIs/login.php:22
Stack trace:
#0 /home/ubuntu/workspace/cloned_git/Assignments/project_5/APIs/login.php(22): PDOStatement->execute()
#1 {main}
  thrown in /home/ubuntu/workspace/cloned_git/Assignments/project_5/APIs/login.php on line 22
[30-Apr-2019 23:50:55 UTC] PHP Fatal error:  Uncaught exception 'PDOException' with message 'SQLSTATE[HY093]: Invalid parameter number: parameter was not defined' in /home/ubuntu/workspace/cloned_git/Assignments/project_5/APIs/login.php:22
Stack trace:
#0 /home/ubuntu/workspace/cloned_git/Assignments/project_5/APIs/login.php(22): PDOStatement->execute()
#1 {main}
  thrown in /home/ubuntu/workspace/cloned_git/Assignments/project_5/APIs/login.php on line 22
[30-Apr-2019 23:51:32 UTC] PHP Fatal error:  Uncaught exception 'PDOException' with message 'SQLSTATE[HY093]: Invalid parameter number: parameter was not defined' in /home/ubuntu/workspace/cloned_git/Assignments/project_5/APIs/login.php:22
Stack trace:
#0 /home/ubuntu/workspace/cloned_git/Assignments/project_5/APIs/login.php(22): PDOStatement->execute()
#1 {main}
  thrown in /home/ubuntu/workspace/cloned_git/Assignments/project_5/APIs/login.php on line 22
[30-Apr-2019 23:59:59 UTC] PHP Warning:  PDO::setAttribute() expects exactly 2 parameters, 3 given in /home/ubuntu/workspace/cloned_git/Assignments/project_5/dbConnection.php on line 9
[30-Apr-2019 23:59:59 UTC] PHP Stack trace:
[30-Apr-2019 23:59:59 UTC] PHP   1. {main}() /home/ubuntu/workspace/cloned_git/Assignments/project_5/APIs/login.php:0
[30-Apr-2019 23:59:59 UTC] PHP   2. getDatabaseConnection() /home/ubuntu/workspace/cloned_git/Assignments/project_5/APIs/login.php:9
[30-Apr-2019 23:59:59 UTC] PHP   3. PDO->setAttribute() /home/ubuntu/workspace/cloned_git/Assignments/project_5/dbConnection.php:9
[01-May-2019 00:00:21 UTC] PHP Warning:  PDO::setAttribute() expects exactly 2 parameters, 3 given in /home/ubuntu/workspace/cloned_git/Assignments/project_5/dbConnection.php on line 9
[01-May-2019 00:00:21 UTC] PHP Stack trace:
[01-May-2019 00:00:21 UTC] PHP   1. {main}() /home/ubuntu/workspace/cloned_git/Assignments/project_5/APIs/login.php:0
[01-May-2019 00:00:21 UTC] PHP   2. getDatabaseConnection() /home/ubuntu/workspace/cloned_git/Assignments/project_5/APIs/login.php:9
[01-May-2019 00:00:21 UTC] PHP   3. PDO->setAttribute() /home/ubuntu/workspace/cloned_git/Assignments/project_5/dbConnection.php:9
[01-May-2019 00:05:22 UTC] PHP Fatal error:  Uncaught exception 'PDOException' with message 'SQLSTATE[23000]: Integrity constraint violation: 1048 Column 'email_address' cannot be null' in /home/ubuntu/workspace/cloned_git/Assignments/project_5/APIs/login.php:20
Stack trace:
#0 /home/ubuntu/workspace/cloned_git/Assignments/project_5/APIs/login.php(20): PDOStatement->execute(Array)
#1 {main}
  thrown in /home/ubuntu/workspace/cloned_git/Assignments/project_5/APIs/login.php on line 20
[01-May-2019 00:06:01 UTC] PHP Fatal error:  Uncaught exception 'PDOException' with message 'SQLSTATE[23000]: Integrity constraint violation: 1048 Column 'email_address' cannot be null' in /home/ubuntu/workspace/cloned_git/Assignments/project_5/APIs/login.php:20
Stack trace:
#0 /home/ubuntu/workspace/cloned_git/Assignments/project_5/APIs/login.php(20): PDOStatement->execute(Array)
#1 {main}
  thrown in /home/ubuntu/workspace/cloned_git/Assignments/project_5/APIs/login.php on line 20
[01-May-2019 00:11:04 UTC] PHP Fatal error:  Uncaught exception 'PDOException' with message 'SQLSTATE[23000]: Integrity constraint violation: 1048 Column 'email_address' cannot be null' in /home/ubuntu/workspace/cloned_git/Assignments/project_5/APIs/login.php:20
Stack trace:
#0 /home/ubuntu/workspace/cloned_git/Assignments/project_5/APIs/login.php(20): PDOStatement->execute(Array)
#1 {main}
  thrown in /home/ubuntu/workspace/cloned_git/Assignments/project_5/APIs/login.php on line 20
[01-May-2019 02:01:27 UTC] PHP Fatal error:  Uncaught exception 'PDOException' with message 'SQLSTATE[23000]: Integrity constraint violation: 1062 Duplicate entry '' for key 'PRIMARY'' in /home/ubuntu/workspace/cloned_git/Assignments/project_5/APIs/login.php:23
Stack trace:
#0 /home/ubuntu/workspace/cloned_git/Assignments/project_5/APIs/login.php(23): PDOStatement->execute(Array)
#1 {main}
  thrown in /home/ubuntu/workspace/cloned_git/Assignments/project_5/APIs/login.php on line 23
[01-May-2019 02:02:22 UTC] PHP Fatal error:  Uncaught exception 'PDOException' with message 'SQLSTATE[23000]: Integrity constraint violation: 1062 Duplicate entry '' for key 'PRIMARY'' in /home/ubuntu/workspace/cloned_git/Assignments/project_5/APIs/login.php:23
Stack trace:
#0 /home/ubuntu/workspace/cloned_git/Assignments/project_5/APIs/login.php(23): PDOStatement->execute(Array)
#1 {main}
  thrown in /home/ubuntu/workspace/cloned_git/Assignments/project_5/APIs/login.php on line 23
[01-May-2019 02:03:08 UTC] PHP Fatal error:  Uncaught exception 'PDOException' with message 'SQLSTATE[23000]: Integrity constraint violation: 1062 Duplicate entry '' for key 'PRIMARY'' in /home/ubuntu/workspace/cloned_git/Assignments/project_5/APIs/login.php:23
Stack trace:
#0 /home/ubuntu/workspace/cloned_git/Assignments/project_5/APIs/login.php(23): PDOStatement->execute(Array)
#1 {main}
  thrown in /home/ubuntu/workspace/cloned_git/Assignments/project_5/APIs/login.php on line 23
[01-May-2019 02:05:08 UTC] PHP Fatal error:  Uncaught exception 'PDOException' with message 'SQLSTATE[23000]: Integrity constraint violation: 1062 Duplicate entry '' for key 'PRIMARY'' in /home/ubuntu/workspace/cloned_git/Assignments/project_5/APIs/login.php:23
Stack trace:
#0 /home/ubuntu/workspace/cloned_git/Assignments/project_5/APIs/login.php(23): PDOStatement->execute(Array)
#1 {main}
  thrown in /home/ubuntu/workspace/cloned_git/Assignments/project_5/APIs/login.php on line 23
[01-May-2019 02:05:20 UTC] PHP Fatal error:  Uncaught exception 'PDOException' with message 'SQLSTATE[23000]: Integrity constraint violation: 1062 Duplicate entry '' for key 'PRIMARY'' in /home/ubuntu/workspace/cloned_git/Assignments/project_5/APIs/login.php:23
Stack trace:
#0 /home/ubuntu/workspace/cloned_git/Assignments/project_5/APIs/login.php(23): PDOStatement->execute(Array)
#1 {main}
  thrown in /home/ubuntu/workspace/cloned_git/Assignments/project_5/APIs/login.php on line 23
[01-May-2019 02:05:21 UTC] PHP Fatal error:  Uncaught exception 'PDOException' with message 'SQLSTATE[23000]: Integrity constraint violation: 1062 Duplicate entry '' for key 'PRIMARY'' in /home/ubuntu/workspace/cloned_git/Assignments/project_5/APIs/login.php:23
Stack trace:
#0 /home/ubuntu/workspace/cloned_git/Assignments/project_5/APIs/login.php(23): PDOStatement->execute(Array)
#1 {main}
  thrown in /home/ubuntu/workspace/cloned_git/Assignments/project_5/APIs/login.php on line 23
[01-May-2019 02:06:47 UTC] PHP Fatal error:  Uncaught exception 'PDOException' with message 'SQLSTATE[23000]: Integrity constraint violation: 1062 Duplicate entry '' for key 'PRIMARY'' in /home/ubuntu/workspace/cloned_git/Assignments/project_5/APIs/login.php:23
Stack trace:
#0 /home/ubuntu/workspace/cloned_git/Assignments/project_5/APIs/login.php(23): PDOStatement->execute(Array)
#1 {main}
  thrown in /home/ubuntu/workspace/cloned_git/Assignments/project_5/APIs/login.php on line 23
[01-May-2019 02:09:47 UTC] PHP Fatal error:  Uncaught exception 'PDOException' with message 'SQLSTATE[23000]: Integrity constraint violation: 1048 Column 'email_address' cannot be null' in /home/ubuntu/workspace/cloned_git/Assignments/project_5/APIs/login.php:23
Stack trace:
#0 /home/ubuntu/workspace/cloned_git/Assignments/project_5/APIs/login.php(23): PDOStatement->execute(Array)
#1 {main}
  thrown in /home/ubuntu/workspace/cloned_git/Assignments/project_5/APIs/login.php on line 23
[01-May-2019 02:09:49 UTC] PHP Fatal error:  Uncaught exception 'PDOException' with message 'SQLSTATE[23000]: Integrity constraint violation: 1048 Column 'email_address' cannot be null' in /home/ubuntu/workspace/cloned_git/Assignments/project_5/APIs/login.php:23
Stack trace:
#0 /home/ubuntu/workspace/cloned_git/Assignments/project_5/APIs/login.php(23): PDOStatement->execute(Array)
#1 {main}
  thrown in /home/ubuntu/workspace/cloned_git/Assignments/project_5/APIs/login.php on line 23
[01-May-2019 02:10:11 UTC] PHP Fatal error:  Uncaught exception 'PDOException' with message 'SQLSTATE[23000]: Integrity constraint violation: 1062 Duplicate entry 'asda' for key 'PRIMARY'' in /home/ubuntu/workspace/cloned_git/Assignments/project_5/APIs/login.php:23
Stack trace:
#0 /home/ubuntu/workspace/cloned_git/Assignments/project_5/APIs/login.php(23): PDOStatement->execute(Array)
#1 {main}
  thrown in /home/ubuntu/workspace/cloned_git/Assignments/project_5/APIs/login.php on line 23
[01-May-2019 02:10:14 UTC] PHP Fatal error:  Uncaught exception 'PDOException' with message 'SQLSTATE[23000]: Integrity constraint violation: 1062 Duplicate entry '' for key 'PRIMARY'' in /home/ubuntu/workspace/cloned_git/Assignments/project_5/APIs/login.php:23
Stack trace:
#0 /home/ubuntu/workspace/cloned_git/Assignments/project_5/APIs/login.php(23): PDOStatement->execute(Array)
#1 {main}
  thrown in /home/ubuntu/workspace/cloned_git/Assignments/project_5/APIs/login.php on line 23
[01-May-2019 02:17:09 UTC] PHP Fatal error:  Uncaught exception 'PDOException' with message 'SQLSTATE[23000]: Integrity constraint violation: 1062 Duplicate entry '' for key 'PRIMARY'' in /home/ubuntu/workspace/cloned_git/Assignments/project_5/APIs/login.php:23
Stack trace:
#0 /home/ubuntu/workspace/cloned_git/Assignments/project_5/APIs/login.php(23): PDOStatement->execute(Array)
#1 {main}
  thrown in /home/ubuntu/workspace/cloned_git/Assignments/project_5/APIs/login.php on line 23
[01-May-2019 02:43:59 UTC] PHP Fatal error:  Uncaught exception 'PDOException' with message 'SQLSTATE[HY093]: Invalid parameter number: no parameters were bound' in /home/ubuntu/workspace/cloned_git/Assignments/project_5/APIs/login.php:30
Stack trace:
#0 /home/ubuntu/workspace/cloned_git/Assignments/project_5/APIs/login.php(30): PDOStatement->execute()
#1 {main}
  thrown in /home/ubuntu/workspace/cloned_git/Assignments/project_5/APIs/login.php on line 30
[01-May-2019 02:50:22 UTC] PHP Fatal error:  Uncaught exception 'PDOException' with message 'SQLSTATE[HY093]: Invalid parameter number: parameter was not defined' in /home/ubuntu/workspace/cloned_git/Assignments/project_5/APIs/login.php:31
Stack trace:
#0 /home/ubuntu/workspace/cloned_git/Assignments/project_5/APIs/login.php(31): PDOStatement->execute(Array)
#1 {main}
  thrown in /home/ubuntu/workspace/cloned_git/Assignments/project_5/APIs/login.php on line 31
[01-May-2019 02:50:33 UTC] PHP Fatal error:  Uncaught exception 'PDOException' with message 'SQLSTATE[HY093]: Invalid parameter number: parameter was not defined' in /home/ubuntu/workspace/cloned_git/Assignments/project_5/APIs/login.php:31
Stack trace:
#0 /home/ubuntu/workspace/cloned_git/Assignments/project_5/APIs/login.php(31): PDOStatement->execute(Array)
#1 {main}
  thrown in /home/ubuntu/workspace/cloned_git/Assignments/project_5/APIs/login.php on line 31
[01-May-2019 02:50:45 UTC] PHP Fatal error:  Uncaught exception 'PDOException' with message 'SQLSTATE[HY093]: Invalid parameter number: parameter was not defined' in /home/ubuntu/workspace/cloned_git/Assignments/project_5/APIs/login.php:31
Stack trace:
#0 /home/ubuntu/workspace/cloned_git/Assignments/project_5/APIs/login.php(31): PDOStatement->execute(Array)
#1 {main}
  thrown in /home/ubuntu/workspace/cloned_git/Assignments/project_5/APIs/login.php on line 31
[01-May-2019 02:59:24 UTC] PHP Fatal error:  Uncaught exception 'PDOException' with message 'SQLSTATE[42000]: Syntax error or access violation: 1064 You have an error in your SQL syntax; check the manual that corresponds to your MySQL server version for the right syntax to use near 'FROM data' at line 1' in /home/ubuntu/workspace/cloned_git/Assignments/project_5/APIs/login.php:30
Stack trace:
#0 /home/ubuntu/workspace/cloned_git/Assignments/project_5/APIs/login.php(30): PDOStatement->execute()
#1 {main}
  thrown in /home/ubuntu/workspace/cloned_git/Assignments/project_5/APIs/login.php on line 30
[01-May-2019 03:00:35 UTC] PHP Fatal error:  Uncaught exception 'PDOException' with message 'SQLSTATE[42S22]: Column not found: 1054 Unknown column 'fsgsgfgssggs' in 'field list'' in /home/ubuntu/workspace/cloned_git/Assignments/project_5/APIs/login.php:30
Stack trace:
#0 /home/ubuntu/workspace/cloned_git/Assignments/project_5/APIs/login.php(30): PDOStatement->execute()
#1 {main}
  thrown in /home/ubuntu/workspace/cloned_git/Assignments/project_5/APIs/login.php on line 30
[01-May-2019 03:00:54 UTC] PHP Fatal error:  Uncaught exception 'PDOException' with message 'SQLSTATE[42S22]: Column not found: 1054 Unknown column 'aff' in 'field list'' in /home/ubuntu/workspace/cloned_git/Assignments/project_5/APIs/login.php:30
Stack trace:
#0 /home/ubuntu/workspace/cloned_git/Assignments/project_5/APIs/login.php(30): PDOStatement->execute()
#1 {main}
  thrown in /home/ubuntu/workspace/cloned_git/Assignments/project_5/APIs/login.php on line 30
[01-May-2019 03:04:48 UTC] PHP Fatal error:  Call to undefined function execute() in /home/ubuntu/workspace/cloned_git/Assignments/project_5/APIs/login.php on line 30
[01-May-2019 03:04:48 UTC] PHP Stack trace:
[01-May-2019 03:04:48 UTC] PHP   1. {main}() /home/ubuntu/workspace/cloned_git/Assignments/project_5/APIs/login.php:0
[01-May-2019 03:05:42 UTC] PHP Fatal error:  Call to undefined function execute() in /home/ubuntu/workspace/cloned_git/Assignments/project_5/APIs/login.php on line 30
[01-May-2019 03:05:42 UTC] PHP Stack trace:
[01-May-2019 03:05:42 UTC] PHP   1. {main}() /home/ubuntu/workspace/cloned_git/Assignments/project_5/APIs/login.php:0
[01-May-2019 03:05:53 UTC] PHP Fatal error:  Call to undefined function execute() in /home/ubuntu/workspace/cloned_git/Assignments/project_5/APIs/login.php on line 30
[01-May-2019 03:05:53 UTC] PHP Stack trace:
[01-May-2019 03:05:53 UTC] PHP   1. {main}() /home/ubuntu/workspace/cloned_git/Assignments/project_5/APIs/login.php:0
[01-May-2019 03:06:31 UTC] PHP Fatal error:  Uncaught exception 'PDOException' with message 'SQLSTATE[42S22]: Column not found: 1054 Unknown column 'saddasa' in 'field list'' in /home/ubuntu/workspace/cloned_git/Assignments/project_5/APIs/login.php:30
Stack trace:
#0 /home/ubuntu/workspace/cloned_git/Assignments/project_5/APIs/login.php(30): PDOStatement->execute(Array)
#1 {main}
  thrown in /home/ubuntu/workspace/cloned_git/Assignments/project_5/APIs/login.php on line 30
[01-May-2019 03:06:39 UTC] PHP Fatal error:  Uncaught exception 'PDOException' with message 'SQLSTATE[42S22]: Column not found: 1054 Unknown column 'aff' in 'field list'' in /home/ubuntu/workspace/cloned_git/Assignments/project_5/APIs/login.php:30
Stack trace:
#0 /home/ubuntu/workspace/cloned_git/Assignments/project_5/APIs/login.php(30): PDOStatement->execute(Array)
#1 {main}
  thrown in /home/ubuntu/workspace/cloned_git/Assignments/project_5/APIs/login.php on line 30
[01-May-2019 03:09:57 UTC] PHP Fatal error:  Uncaught exception 'PDOException' with message 'SQLSTATE[42S22]: Column not found: 1054 Unknown column 'fassffs' in 'field list'' in /home/ubuntu/workspace/cloned_git/Assignments/project_5/APIs/login.php:30
Stack trace:
#0 /home/ubuntu/workspace/cloned_git/Assignments/project_5/APIs/login.php(30): PDOStatement->execute(Array)
#1 {main}
  thrown in /home/ubuntu/workspace/cloned_git/Assignments/project_5/APIs/login.php on line 30
[01-May-2019 03:10:01 UTC] PHP Fatal error:  Uncaught exception 'PDOException' with message 'SQLSTATE[42S22]: Column not found: 1054 Unknown column 'aff' in 'field list'' in /home/ubuntu/workspace/cloned_git/Assignments/project_5/APIs/login.php:30
Stack trace:
#0 /home/ubuntu/workspace/cloned_git/Assignments/project_5/APIs/login.php(30): PDOStatement->execute(Array)
#1 {main}
  thrown in /home/ubuntu/workspace/cloned_git/Assignments/project_5/APIs/login.php on line 30
[01-May-2019 03:21:51 UTC] PHP Fatal error:  Uncaught exception 'PDOException' with message 'SQLSTATE[42S22]: Column not found: 1054 Unknown column 'ghf' in 'field list'' in /home/ubuntu/workspace/cloned_git/Assignments/project_5/APIs/login.php:30
Stack trace:
#0 /home/ubuntu/workspace/cloned_git/Assignments/project_5/APIs/login.php(30): PDOStatement->execute(Array)
#1 {main}
  thrown in /home/ubuntu/workspace/cloned_git/Assignments/project_5/APIs/login.php on line 30
[01-May-2019 03:24:47 UTC] PHP Fatal error:  Uncaught exception 'PDOException' with message 'SQLSTATE[42S22]: Column not found: 1054 Unknown column 'fasff' in 'field list'' in /home/ubuntu/workspace/cloned_git/Assignments/project_5/APIs/login.php:30
Stack trace:
#0 /home/ubuntu/workspace/cloned_git/Assignments/project_5/APIs/login.php(30): PDOStatement->execute(Array)
#1 {main}
  thrown in /home/ubuntu/workspace/cloned_git/Assignments/project_5/APIs/login.php on line 30
[01-May-2019 03:25:07 UTC] PHP Fatal error:  Uncaught exception 'PDOException' with message 'SQLSTATE[42S22]: Column not found: 1054 Unknown column 'fgbbbb' in 'field list'' in /home/ubuntu/workspace/cloned_git/Assignments/project_5/APIs/login.php:30
Stack trace:
#0 /home/ubuntu/workspace/cloned_git/Assignments/project_5/APIs/login.php(30): PDOStatement->execute(Array)
#1 {main}
  thrown in /home/ubuntu/workspace/cloned_git/Assignments/project_5/APIs/login.php on line 30
[01-May-2019 03:25:15 UTC] PHP Fatal error:  Uncaught exception 'PDOException' with message 'SQLSTATE[42S22]: Column not found: 1054 Unknown column 'aff' in 'field list'' in /home/ubuntu/workspace/cloned_git/Assignments/project_5/APIs/login.php:30
Stack trace:
#0 /home/ubuntu/workspace/cloned_git/Assignments/project_5/APIs/login.php(30): PDOStatement->execute(Array)
#1 {main}
  thrown in /home/ubuntu/workspace/cloned_git/Assignments/project_5/APIs/login.php on line 30
[01-May-2019 03:28:24 UTC] PHP Fatal error:  Uncaught exception 'PDOException' with message 'SQLSTATE[42S22]: Column not found: 1054 Unknown column 'afsf' in 'field list'' in /home/ubuntu/workspace/cloned_git/Assignments/project_5/APIs/login.php:31
Stack trace:
#0 /home/ubuntu/workspace/cloned_git/Assignments/project_5/APIs/login.php(31): PDOStatement->execute(Array)
#1 {main}
  thrown in /home/ubuntu/workspace/cloned_git/Assignments/project_5/APIs/login.php on line 31
[01-May-2019 03:28:27 UTC] PHP Fatal error:  Uncaught exception 'PDOException' with message 'SQLSTATE[42S22]: Column not found: 1054 Unknown column 'aff' in 'field list'' in /home/ubuntu/workspace/cloned_git/Assignments/project_5/APIs/login.php:31
Stack trace:
#0 /home/ubuntu/workspace/cloned_git/Assignments/project_5/APIs/login.php(31): PDOStatement->execute(Array)
#1 {main}
  thrown in /home/ubuntu/workspace/cloned_git/Assignments/project_5/APIs/login.php on line 31
[01-May-2019 03:43:09 UTC] PHP Fatal error:  Call to a member function bindParam() on a non-object in /home/ubuntu/workspace/cloned_git/Assignments/project_5/APIs/login.php on line 34
[01-May-2019 03:43:09 UTC] PHP Stack trace:
[01-May-2019 03:43:09 UTC] PHP   1. {main}() /home/ubuntu/workspace/cloned_git/Assignments/project_5/APIs/login.php:0
[01-May-2019 03:44:39 UTC] PHP Fatal error:  Call to a member function bindParam() on a non-object in /home/ubuntu/workspace/cloned_git/Assignments/project_5/APIs/login.php on line 34
[01-May-2019 03:44:39 UTC] PHP Stack trace:
[01-May-2019 03:44:39 UTC] PHP   1. {main}() /home/ubuntu/workspace/cloned_git/Assignments/project_5/APIs/login.php:0
[01-May-2019 03:45:45 UTC] PHP Fatal error:  Uncaught exception 'PDOException' with message 'SQLSTATE[HY000]: General error' in /home/ubuntu/workspace/cloned_git/Assignments/project_5/APIs/login.php:38
Stack trace:
#0 /home/ubuntu/workspace/cloned_git/Assignments/project_5/APIs/login.php(38): PDOStatement->fetch(2)
#1 {main}
  thrown in /home/ubuntu/workspace/cloned_git/Assignments/project_5/APIs/login.php on line 38
