[23-Apr-2019 23:50:44 UTC] PHP Fatal error:  Function name must be a string in /home/ubuntu/workspace/cloned_git/Labs/lab_8/api/api.php on line 9
[23-Apr-2019 23:50:44 UTC] PHP Stack trace:
[23-Apr-2019 23:50:44 UTC] PHP   1. {main}() /home/ubuntu/workspace/cloned_git/Labs/lab_8/api/api.php:0
[23-Apr-2019 23:51:16 UTC] PHP Fatal error:  Function name must be a string in /home/ubuntu/workspace/cloned_git/Labs/lab_8/api/api.php on line 9
[23-Apr-2019 23:51:16 UTC] PHP Stack trace:
[23-Apr-2019 23:51:16 UTC] PHP   1. {main}() /home/ubuntu/workspace/cloned_git/Labs/lab_8/api/api.php:0
[23-Apr-2019 23:52:37 UTC] PHP Fatal error:  Function name must be a string in /home/ubuntu/workspace/cloned_git/Labs/lab_8/api/api.php on line 9
[23-Apr-2019 23:52:37 UTC] PHP Stack trace:
[23-Apr-2019 23:52:37 UTC] PHP   1. {main}() /home/ubuntu/workspace/cloned_git/Labs/lab_8/api/api.php:0
[23-Apr-2019 23:56:28 UTC] PHP Fatal error:  Function name must be a string in /home/ubuntu/workspace/cloned_git/Labs/lab_8/api/api.php on line 9
[23-Apr-2019 23:56:28 UTC] PHP Stack trace:
[23-Apr-2019 23:56:28 UTC] PHP   1. {main}() /home/ubuntu/workspace/cloned_git/Labs/lab_8/api/api.php:0
[23-Apr-2019 23:57:56 UTC] PHP Fatal error:  Function name must be a string in /home/ubuntu/workspace/cloned_git/Labs/lab_8/api/api.php on line 9
[23-Apr-2019 23:57:56 UTC] PHP Stack trace:
[23-Apr-2019 23:57:56 UTC] PHP   1. {main}() /home/ubuntu/workspace/cloned_git/Labs/lab_8/api/api.php:0
[24-Apr-2019 00:01:41 UTC] PHP Fatal error:  Function name must be a string in /home/ubuntu/workspace/cloned_git/Labs/lab_8/api/api.php on line 9
[24-Apr-2019 00:01:41 UTC] PHP Stack trace:
[24-Apr-2019 00:01:41 UTC] PHP   1. {main}() /home/ubuntu/workspace/cloned_git/Labs/lab_8/api/api.php:0
[24-Apr-2019 00:02:14 UTC] PHP Warning:  http_build_query(): Parameter 1 expected to be Array or Object.  Incorrect value given in /home/ubuntu/workspace/cloned_git/Labs/lab_8/api/api.php on line 10
[24-Apr-2019 00:02:14 UTC] PHP Stack trace:
[24-Apr-2019 00:02:14 UTC] PHP   1. {main}() /home/ubuntu/workspace/cloned_git/Labs/lab_8/api/api.php:0
[24-Apr-2019 00:02:14 UTC] PHP   2. http_build_query() /home/ubuntu/workspace/cloned_git/Labs/lab_8/api/api.php:10
[24-Apr-2019 00:02:23 UTC] PHP Warning:  http_build_query(): Parameter 1 expected to be Array or Object.  Incorrect value given in /home/ubuntu/workspace/cloned_git/Labs/lab_8/api/api.php on line 10
[24-Apr-2019 00:02:23 UTC] PHP Stack trace:
[24-Apr-2019 00:02:23 UTC] PHP   1. {main}() /home/ubuntu/workspace/cloned_git/Labs/lab_8/api/api.php:0
[24-Apr-2019 00:02:23 UTC] PHP   2. http_build_query() /home/ubuntu/workspace/cloned_git/Labs/lab_8/api/api.php:10
[24-Apr-2019 00:03:32 UTC] PHP Warning:  http_build_query(): Parameter 1 expected to be Array or Object.  Incorrect value given in /home/ubuntu/workspace/cloned_git/Labs/lab_8/api/api.php on line 10
[24-Apr-2019 00:03:32 UTC] PHP Stack trace:
[24-Apr-2019 00:03:32 UTC] PHP   1. {main}() /home/ubuntu/workspace/cloned_git/Labs/lab_8/api/api.php:0
[24-Apr-2019 00:03:32 UTC] PHP   2. http_build_query() /home/ubuntu/workspace/cloned_git/Labs/lab_8/api/api.php:10
[24-Apr-2019 00:56:07 UTC] PHP Parse error:  syntax error, unexpected ')' in /home/ubuntu/workspace/cloned_git/Labs/lab_8/api/api.php on line 13
