[27-Mar-2019 22:48:07 UTC] PHP Fatal error:  Uncaught exception 'PDOException' with message 'SQLSTATE[42000]: Syntax error or access violation: 1064 You have an error in your SQL syntax; check the manual that corresponds to your MySQL server version for the right syntax to use near 'FROM answer_type_id WHERE is_negative' at line 1' in /home/ubuntu/workspace/cloned_git/Exams/Midterms/midterm/api/questionMark.php:9
Stack trace:
#0 /home/ubuntu/workspace/cloned_git/Exams/Midterms/midterm/api/questionMark.php(9): PDOStatement->execute(Array)
#1 {main}
  thrown in /home/ubuntu/workspace/cloned_git/Exams/Midterms/midterm/api/questionMark.php on line 9
[27-Mar-2019 22:48:41 UTC] PHP Fatal error:  Uncaught exception 'PDOException' with message 'SQLSTATE[42000]: Syntax error or access violation: 1064 You have an error in your SQL syntax; check the manual that corresponds to your MySQL server version for the right syntax to use near 'FROM answer_type_id WHERE is_negative' at line 1' in /home/ubuntu/workspace/cloned_git/Exams/Midterms/midterm/api/questionMark.php:9
Stack trace:
#0 /home/ubuntu/workspace/cloned_git/Exams/Midterms/midterm/api/questionMark.php(9): PDOStatement->execute(Array)
#1 {main}
  thrown in /home/ubuntu/workspace/cloned_git/Exams/Midterms/midterm/api/questionMark.php on line 9
[27-Mar-2019 22:49:24 UTC] PHP Fatal error:  Uncaught exception 'PDOException' with message 'SQLSTATE[42000]: Syntax error or access violation: 1064 You have an error in your SQL syntax; check the manual that corresponds to your MySQL server version for the right syntax to use near 'FROM answer_type_id WHERE is_negative' at line 1' in /home/ubuntu/workspace/cloned_git/Exams/Midterms/midterm/api/questionMark.php:9
Stack trace:
#0 /home/ubuntu/workspace/cloned_git/Exams/Midterms/midterm/api/questionMark.php(9): PDOStatement->execute(Array)
#1 {main}
  thrown in /home/ubuntu/workspace/cloned_git/Exams/Midterms/midterm/api/questionMark.php on line 9
[09-Apr-2019 19:49:05 UTC] PHP Fatal error:  Uncaught exception 'PDOException' with message 'SQLSTATE[42000]: Syntax error or access violation: 1064 You have an error in your SQL syntax; check the manual that corresponds to your MySQL server version for the right syntax to use near 'FROM answer_type_id WHERE is_negative' at line 1' in /home/ubuntu/workspace/cloned_git/Exams/Midterms/midterm/api/questionMark.php:9
Stack trace:
#0 /home/ubuntu/workspace/cloned_git/Exams/Midterms/midterm/api/questionMark.php(9): PDOStatement->execute(Array)
#1 {main}
  thrown in /home/ubuntu/workspace/cloned_git/Exams/Midterms/midterm/api/questionMark.php on line 9
[09-Apr-2019 19:49:10 UTC] PHP Fatal error:  Uncaught exception 'PDOException' with message 'SQLSTATE[42000]: Syntax error or access violation: 1064 You have an error in your SQL syntax; check the manual that corresponds to your MySQL server version for the right syntax to use near 'FROM answer_type_id WHERE is_negative' at line 1' in /home/ubuntu/workspace/cloned_git/Exams/Midterms/midterm/api/questionMark.php:9
Stack trace:
#0 /home/ubuntu/workspace/cloned_git/Exams/Midterms/midterm/api/questionMark.php(9): PDOStatement->execute(Array)
#1 {main}
  thrown in /home/ubuntu/workspace/cloned_git/Exams/Midterms/midterm/api/questionMark.php on line 9
[09-Apr-2019 19:49:12 UTC] PHP Fatal error:  Uncaught exception 'PDOException' with message 'SQLSTATE[42000]: Syntax error or access violation: 1064 You have an error in your SQL syntax; check the manual that corresponds to your MySQL server version for the right syntax to use near 'FROM answer_type_id WHERE is_negative' at line 1' in /home/ubuntu/workspace/cloned_git/Exams/Midterms/midterm/api/questionMark.php:9
Stack trace:
#0 /home/ubuntu/workspace/cloned_git/Exams/Midterms/midterm/api/questionMark.php(9): PDOStatement->execute(Array)
#1 {main}
  thrown in /home/ubuntu/workspace/cloned_git/Exams/Midterms/midterm/api/questionMark.php on line 9
