[10-Mar-2019 02:30:12 UTC] PHP Warning:  log() expects parameter 1 to be double, string given in /home/ubuntu/workspace/cloned_git/Labs/lab_5/lab5.php on line 26
[10-Mar-2019 02:30:12 UTC] PHP Stack trace:
[10-Mar-2019 02:30:12 UTC] PHP   1. {main}() /home/ubuntu/workspace/cloned_git/Labs/lab_5/lab5.php:0
[10-Mar-2019 02:30:12 UTC] PHP   2. log() /home/ubuntu/workspace/cloned_git/Labs/lab_5/lab5.php:26
[10-Mar-2019 03:41:09 UTC] PHP Fatal error:  Call to undefined function random_int() in /home/ubuntu/workspace/cloned_git/Labs/lab_5/lab5_password.php on line 29
[10-Mar-2019 03:41:09 UTC] PHP Stack trace:
[10-Mar-2019 03:41:09 UTC] PHP   1. {main}() /home/ubuntu/workspace/cloned_git/Labs/lab_5/lab5_password.php:0
[10-Mar-2019 03:41:25 UTC] PHP Fatal error:  Call to undefined function random_int() in /home/ubuntu/workspace/cloned_git/Labs/lab_5/lab5_password.php on line 29
[10-Mar-2019 03:41:25 UTC] PHP Stack trace:
[10-Mar-2019 03:41:25 UTC] PHP   1. {main}() /home/ubuntu/workspace/cloned_git/Labs/lab_5/lab5_password.php:0
[10-Mar-2019 03:43:44 UTC] PHP Fatal error:  Call to undefined function random_int() in /home/ubuntu/workspace/cloned_git/Labs/lab_5/lab5_password.php on line 29
[10-Mar-2019 03:43:44 UTC] PHP Stack trace:
[10-Mar-2019 03:43:44 UTC] PHP   1. {main}() /home/ubuntu/workspace/cloned_git/Labs/lab_5/lab5_password.php:0
[10-Mar-2019 03:43:47 UTC] PHP Fatal error:  Call to undefined function random_int() in /home/ubuntu/workspace/cloned_git/Labs/lab_5/lab5_password.php on line 29
[10-Mar-2019 03:43:47 UTC] PHP Stack trace:
[10-Mar-2019 03:43:47 UTC] PHP   1. {main}() /home/ubuntu/workspace/cloned_git/Labs/lab_5/lab5_password.php:0
[10-Mar-2019 03:44:10 UTC] PHP Fatal error:  Call to undefined function random_int() in /home/ubuntu/workspace/cloned_git/Labs/lab_5/lab5_password.php on line 29
[10-Mar-2019 03:44:10 UTC] PHP Stack trace:
[10-Mar-2019 03:44:10 UTC] PHP   1. {main}() /home/ubuntu/workspace/cloned_git/Labs/lab_5/lab5_password.php:0
[10-Mar-2019 03:44:16 UTC] PHP Fatal error:  Call to undefined function random_int() in /home/ubuntu/workspace/cloned_git/Labs/lab_5/lab5_password.php on line 29
[10-Mar-2019 03:44:16 UTC] PHP Stack trace:
[10-Mar-2019 03:44:16 UTC] PHP   1. {main}() /home/ubuntu/workspace/cloned_git/Labs/lab_5/lab5_password.php:0
[10-Mar-2019 03:45:39 UTC] PHP Fatal error:  Call to undefined function random_int() in /home/ubuntu/workspace/cloned_git/Labs/lab_5/lab5_password.php on line 29
[10-Mar-2019 03:45:39 UTC] PHP Stack trace:
[10-Mar-2019 03:45:39 UTC] PHP   1. {main}() /home/ubuntu/workspace/cloned_git/Labs/lab_5/lab5_password.php:0
[11-Mar-2019 03:00:28 UTC] PHP Fatal error:  Array callback has to contain indices 0 and 1 in /home/ubuntu/workspace/cloned_git/Labs/lab_5/lab5_password.php on line 51
[11-Mar-2019 03:00:28 UTC] PHP Stack trace:
[11-Mar-2019 03:00:28 UTC] PHP   1. {main}() /home/ubuntu/workspace/cloned_git/Labs/lab_5/lab5_password.php:0
[11-Mar-2019 03:00:33 UTC] PHP Fatal error:  Array callback has to contain indices 0 and 1 in /home/ubuntu/workspace/cloned_git/Labs/lab_5/lab5_password.php on line 51
[11-Mar-2019 03:00:33 UTC] PHP Stack trace:
[11-Mar-2019 03:00:33 UTC] PHP   1. {main}() /home/ubuntu/workspace/cloned_git/Labs/lab_5/lab5_password.php:0
[11-Mar-2019 03:00:38 UTC] PHP Fatal error:  Array callback has to contain indices 0 and 1 in /home/ubuntu/workspace/cloned_git/Labs/lab_5/lab5_password.php on line 51
[11-Mar-2019 03:00:38 UTC] PHP Stack trace:
[11-Mar-2019 03:00:38 UTC] PHP   1. {main}() /home/ubuntu/workspace/cloned_git/Labs/lab_5/lab5_password.php:0
[11-Mar-2019 03:00:50 UTC] PHP Fatal error:  Array callback has to contain indices 0 and 1 in /home/ubuntu/workspace/cloned_git/Labs/lab_5/lab5_password.php on line 51
[11-Mar-2019 03:00:50 UTC] PHP Stack trace:
[11-Mar-2019 03:00:50 UTC] PHP   1. {main}() /home/ubuntu/workspace/cloned_git/Labs/lab_5/lab5_password.php:0
[11-Mar-2019 03:01:39 UTC] PHP Fatal error:  Array callback has to contain indices 0 and 1 in /home/ubuntu/workspace/cloned_git/Labs/lab_5/lab5_password.php on line 51
[11-Mar-2019 03:01:39 UTC] PHP Stack trace:
[11-Mar-2019 03:01:39 UTC] PHP   1. {main}() /home/ubuntu/workspace/cloned_git/Labs/lab_5/lab5_password.php:0
[11-Mar-2019 03:01:48 UTC] PHP Fatal error:  Array callback has to contain indices 0 and 1 in /home/ubuntu/workspace/cloned_git/Labs/lab_5/lab5_password.php on line 51
[11-Mar-2019 03:01:48 UTC] PHP Stack trace:
[11-Mar-2019 03:01:48 UTC] PHP   1. {main}() /home/ubuntu/workspace/cloned_git/Labs/lab_5/lab5_password.php:0
[11-Mar-2019 03:02:59 UTC] PHP Fatal error:  Array callback has to contain indices 0 and 1 in /home/ubuntu/workspace/cloned_git/Labs/lab_5/lab5_password.php on line 51
[11-Mar-2019 03:02:59 UTC] PHP Stack trace:
[11-Mar-2019 03:02:59 UTC] PHP   1. {main}() /home/ubuntu/workspace/cloned_git/Labs/lab_5/lab5_password.php:0
[11-Mar-2019 03:03:53 UTC] PHP Fatal error:  Array callback has to contain indices 0 and 1 in /home/ubuntu/workspace/cloned_git/Labs/lab_5/lab5_password.php on line 51
[11-Mar-2019 03:03:53 UTC] PHP Stack trace:
[11-Mar-2019 03:03:53 UTC] PHP   1. {main}() /home/ubuntu/workspace/cloned_git/Labs/lab_5/lab5_password.php:0
[11-Mar-2019 03:04:04 UTC] PHP Fatal error:  Array callback has to contain indices 0 and 1 in /home/ubuntu/workspace/cloned_git/Labs/lab_5/lab5_password.php on line 51
[11-Mar-2019 03:04:04 UTC] PHP Stack trace:
[11-Mar-2019 03:04:04 UTC] PHP   1. {main}() /home/ubuntu/workspace/cloned_git/Labs/lab_5/lab5_password.php:0
[11-Mar-2019 03:04:40 UTC] PHP Fatal error:  Array callback has to contain indices 0 and 1 in /home/ubuntu/workspace/cloned_git/Labs/lab_5/lab5_password.php on line 51
[11-Mar-2019 03:04:40 UTC] PHP Stack trace:
[11-Mar-2019 03:04:40 UTC] PHP   1. {main}() /home/ubuntu/workspace/cloned_git/Labs/lab_5/lab5_password.php:0
[11-Mar-2019 03:05:58 UTC] PHP Fatal error:  Array callback has to contain indices 0 and 1 in /home/ubuntu/workspace/cloned_git/Labs/lab_5/lab5_password.php on line 51
[11-Mar-2019 03:05:58 UTC] PHP Stack trace:
[11-Mar-2019 03:05:58 UTC] PHP   1. {main}() /home/ubuntu/workspace/cloned_git/Labs/lab_5/lab5_password.php:0
[11-Mar-2019 03:10:12 UTC] PHP Fatal error:  Array callback has to contain indices 0 and 1 in /home/ubuntu/workspace/cloned_git/Labs/lab_5/lab5_password.php on line 51
[11-Mar-2019 03:10:12 UTC] PHP Stack trace:
[11-Mar-2019 03:10:12 UTC] PHP   1. {main}() /home/ubuntu/workspace/cloned_git/Labs/lab_5/lab5_password.php:0
[11-Mar-2019 03:16:05 UTC] PHP Fatal error:  Function name must be a string in /home/ubuntu/workspace/cloned_git/Labs/lab_5/lab5_password.php on line 51
[11-Mar-2019 03:16:05 UTC] PHP Stack trace:
[11-Mar-2019 03:16:05 UTC] PHP   1. {main}() /home/ubuntu/workspace/cloned_git/Labs/lab_5/lab5_password.php:0
[11-Mar-2019 03:21:40 UTC] PHP Fatal error:  Array callback has to contain indices 0 and 1 in /home/ubuntu/workspace/cloned_git/Labs/lab_5/lab5_password.php on line 51
[11-Mar-2019 03:21:40 UTC] PHP Stack trace:
[11-Mar-2019 03:21:40 UTC] PHP   1. {main}() /home/ubuntu/workspace/cloned_git/Labs/lab_5/lab5_password.php:0
[11-Mar-2019 03:25:10 UTC] PHP Fatal error:  Array callback has to contain indices 0 and 1 in /home/ubuntu/workspace/cloned_git/Labs/lab_5/lab5_password.php on line 51
[11-Mar-2019 03:25:10 UTC] PHP Stack trace:
[11-Mar-2019 03:25:10 UTC] PHP   1. {main}() /home/ubuntu/workspace/cloned_git/Labs/lab_5/lab5_password.php:0
[11-Mar-2019 03:25:44 UTC] PHP Fatal error:  Array callback has to contain indices 0 and 1 in /home/ubuntu/workspace/cloned_git/Labs/lab_5/lab5_password.php on line 51
[11-Mar-2019 03:25:44 UTC] PHP Stack trace:
[11-Mar-2019 03:25:44 UTC] PHP   1. {main}() /home/ubuntu/workspace/cloned_git/Labs/lab_5/lab5_password.php:0
[11-Mar-2019 03:27:58 UTC] PHP Fatal error:  Array callback has to contain indices 0 and 1 in /home/ubuntu/workspace/cloned_git/Labs/lab_5/lab5_password.php on line 51
[11-Mar-2019 03:27:58 UTC] PHP Stack trace:
[11-Mar-2019 03:27:58 UTC] PHP   1. {main}() /home/ubuntu/workspace/cloned_git/Labs/lab_5/lab5_password.php:0
[11-Mar-2019 03:29:27 UTC] PHP Warning:  strpos(): Empty needle in /home/ubuntu/workspace/cloned_git/Labs/lab_5/lab5_password.php on line 53
[11-Mar-2019 03:29:27 UTC] PHP Stack trace:
[11-Mar-2019 03:29:27 UTC] PHP   1. {main}() /home/ubuntu/workspace/cloned_git/Labs/lab_5/lab5_password.php:0
[11-Mar-2019 03:29:27 UTC] PHP   2. strpos() /home/ubuntu/workspace/cloned_git/Labs/lab_5/lab5_password.php:53
[11-Mar-2019 03:30:12 UTC] PHP Warning:  strpos(): Empty needle in /home/ubuntu/workspace/cloned_git/Labs/lab_5/lab5_password.php on line 53
[11-Mar-2019 03:30:12 UTC] PHP Stack trace:
[11-Mar-2019 03:30:12 UTC] PHP   1. {main}() /home/ubuntu/workspace/cloned_git/Labs/lab_5/lab5_password.php:0
[11-Mar-2019 03:30:12 UTC] PHP   2. strpos() /home/ubuntu/workspace/cloned_git/Labs/lab_5/lab5_password.php:53
[11-Mar-2019 03:30:39 UTC] PHP Warning:  strpos(): Empty needle in /home/ubuntu/workspace/cloned_git/Labs/lab_5/lab5_password.php on line 53
[11-Mar-2019 03:30:39 UTC] PHP Stack trace:
[11-Mar-2019 03:30:39 UTC] PHP   1. {main}() /home/ubuntu/workspace/cloned_git/Labs/lab_5/lab5_password.php:0
[11-Mar-2019 03:30:39 UTC] PHP   2. strpos() /home/ubuntu/workspace/cloned_git/Labs/lab_5/lab5_password.php:53
[11-Mar-2019 03:33:43 UTC] PHP Warning:  strpos(): Empty needle in /home/ubuntu/workspace/cloned_git/Labs/lab_5/lab5_password.php on line 57
[11-Mar-2019 03:33:43 UTC] PHP Stack trace:
[11-Mar-2019 03:33:43 UTC] PHP   1. {main}() /home/ubuntu/workspace/cloned_git/Labs/lab_5/lab5_password.php:0
[11-Mar-2019 03:33:43 UTC] PHP   2. strpos() /home/ubuntu/workspace/cloned_git/Labs/lab_5/lab5_password.php:57
[11-Mar-2019 03:43:02 UTC] PHP Warning:  strpos(): Empty needle in /home/ubuntu/workspace/cloned_git/Labs/lab_5/lab5_password.php on line 53
[11-Mar-2019 03:43:02 UTC] PHP Stack trace:
[11-Mar-2019 03:43:02 UTC] PHP   1. {main}() /home/ubuntu/workspace/cloned_git/Labs/lab_5/lab5_password.php:0
[11-Mar-2019 03:43:02 UTC] PHP   2. strpos() /home/ubuntu/workspace/cloned_git/Labs/lab_5/lab5_password.php:53
[11-Mar-2019 03:43:19 UTC] PHP Warning:  strpos(): Empty needle in /home/ubuntu/workspace/cloned_git/Labs/lab_5/lab5_password.php on line 53
[11-Mar-2019 03:43:19 UTC] PHP Stack trace:
[11-Mar-2019 03:43:19 UTC] PHP   1. {main}() /home/ubuntu/workspace/cloned_git/Labs/lab_5/lab5_password.php:0
[11-Mar-2019 03:43:19 UTC] PHP   2. strpos() /home/ubuntu/workspace/cloned_git/Labs/lab_5/lab5_password.php:53
[11-Mar-2019 03:44:11 UTC] PHP Warning:  strpos(): Empty needle in /home/ubuntu/workspace/cloned_git/Labs/lab_5/lab5_password.php on line 53
[11-Mar-2019 03:44:11 UTC] PHP Stack trace:
[11-Mar-2019 03:44:11 UTC] PHP   1. {main}() /home/ubuntu/workspace/cloned_git/Labs/lab_5/lab5_password.php:0
[11-Mar-2019 03:44:11 UTC] PHP   2. strpos() /home/ubuntu/workspace/cloned_git/Labs/lab_5/lab5_password.php:53
[11-Mar-2019 03:45:09 UTC] PHP Warning:  strpos(): Empty needle in /home/ubuntu/workspace/cloned_git/Labs/lab_5/lab5_password.php on line 53
[11-Mar-2019 03:45:09 UTC] PHP Stack trace:
[11-Mar-2019 03:45:09 UTC] PHP   1. {main}() /home/ubuntu/workspace/cloned_git/Labs/lab_5/lab5_password.php:0
[11-Mar-2019 03:45:09 UTC] PHP   2. strpos() /home/ubuntu/workspace/cloned_git/Labs/lab_5/lab5_password.php:53
[11-Mar-2019 03:48:29 UTC] PHP Warning:  strpos(): Empty needle in /home/ubuntu/workspace/cloned_git/Labs/lab_5/lab5_password.php on line 53
[11-Mar-2019 03:48:29 UTC] PHP Stack trace:
[11-Mar-2019 03:48:29 UTC] PHP   1. {main}() /home/ubuntu/workspace/cloned_git/Labs/lab_5/lab5_password.php:0
[11-Mar-2019 03:48:29 UTC] PHP   2. strpos() /home/ubuntu/workspace/cloned_git/Labs/lab_5/lab5_password.php:53
[11-Mar-2019 03:48:50 UTC] PHP Warning:  strpos(): Empty needle in /home/ubuntu/workspace/cloned_git/Labs/lab_5/lab5_password.php on line 53
[11-Mar-2019 03:48:50 UTC] PHP Stack trace:
[11-Mar-2019 03:48:50 UTC] PHP   1. {main}() /home/ubuntu/workspace/cloned_git/Labs/lab_5/lab5_password.php:0
[11-Mar-2019 03:48:50 UTC] PHP   2. strpos() /home/ubuntu/workspace/cloned_git/Labs/lab_5/lab5_password.php:53
[11-Mar-2019 03:50:12 UTC] PHP Warning:  strpos(): Empty needle in /home/ubuntu/workspace/cloned_git/Labs/lab_5/lab5_password.php on line 53
[11-Mar-2019 03:50:12 UTC] PHP Stack trace:
[11-Mar-2019 03:50:12 UTC] PHP   1. {main}() /home/ubuntu/workspace/cloned_git/Labs/lab_5/lab5_password.php:0
[11-Mar-2019 03:50:12 UTC] PHP   2. strpos() /home/ubuntu/workspace/cloned_git/Labs/lab_5/lab5_password.php:53
[11-Mar-2019 03:50:12 UTC] PHP Warning:  json_encode() expects parameter 2 to be long, string given in /home/ubuntu/workspace/cloned_git/Labs/lab_5/lab5_password.php on line 63
[11-Mar-2019 03:50:12 UTC] PHP Stack trace:
[11-Mar-2019 03:50:12 UTC] PHP   1. {main}() /home/ubuntu/workspace/cloned_git/Labs/lab_5/lab5_password.php:0
[11-Mar-2019 03:50:12 UTC] PHP   2. json_encode() /home/ubuntu/workspace/cloned_git/Labs/lab_5/lab5_password.php:63
[11-Mar-2019 03:56:09 UTC] PHP Warning:  strpos(): Empty needle in /home/ubuntu/workspace/cloned_git/Labs/lab_5/lab5_password.php on line 54
[11-Mar-2019 03:56:09 UTC] PHP Stack trace:
[11-Mar-2019 03:56:09 UTC] PHP   1. {main}() /home/ubuntu/workspace/cloned_git/Labs/lab_5/lab5_password.php:0
[11-Mar-2019 03:56:09 UTC] PHP   2. strpos() /home/ubuntu/workspace/cloned_git/Labs/lab_5/lab5_password.php:54
[11-Mar-2019 03:56:09 UTC] PHP Warning:  json_encode() expects parameter 2 to be long, string given in /home/ubuntu/workspace/cloned_git/Labs/lab_5/lab5_password.php on line 64
[11-Mar-2019 03:56:09 UTC] PHP Stack trace:
[11-Mar-2019 03:56:09 UTC] PHP   1. {main}() /home/ubuntu/workspace/cloned_git/Labs/lab_5/lab5_password.php:0
[11-Mar-2019 03:56:09 UTC] PHP   2. json_encode() /home/ubuntu/workspace/cloned_git/Labs/lab_5/lab5_password.php:64
[11-Mar-2019 03:58:55 UTC] PHP Warning:  json_encode() expects parameter 2 to be long, string given in /home/ubuntu/workspace/cloned_git/Labs/lab_5/lab5_password.php on line 64
[11-Mar-2019 03:58:55 UTC] PHP Stack trace:
[11-Mar-2019 03:58:55 UTC] PHP   1. {main}() /home/ubuntu/workspace/cloned_git/Labs/lab_5/lab5_password.php:0
[11-Mar-2019 03:58:55 UTC] PHP   2. json_encode() /home/ubuntu/workspace/cloned_git/Labs/lab_5/lab5_password.php:64
[11-Mar-2019 04:22:11 UTC] PHP Warning:  strpos(): Empty needle in /home/ubuntu/workspace/cloned_git/Labs/lab_5/lab5_password.php on line 54
[11-Mar-2019 04:22:11 UTC] PHP Stack trace:
[11-Mar-2019 04:22:11 UTC] PHP   1. {main}() /home/ubuntu/workspace/cloned_git/Labs/lab_5/lab5_password.php:0
[11-Mar-2019 04:22:11 UTC] PHP   2. strpos() /home/ubuntu/workspace/cloned_git/Labs/lab_5/lab5_password.php:54
[11-Mar-2019 04:22:11 UTC] PHP Warning:  json_encode() expects parameter 2 to be long, string given in /home/ubuntu/workspace/cloned_git/Labs/lab_5/lab5_password.php on line 64
[11-Mar-2019 04:22:11 UTC] PHP Stack trace:
[11-Mar-2019 04:22:11 UTC] PHP   1. {main}() /home/ubuntu/workspace/cloned_git/Labs/lab_5/lab5_password.php:0
[11-Mar-2019 04:22:11 UTC] PHP   2. json_encode() /home/ubuntu/workspace/cloned_git/Labs/lab_5/lab5_password.php:64
[11-Mar-2019 04:22:46 UTC] PHP Warning:  json_encode() expects parameter 2 to be long, string given in /home/ubuntu/workspace/cloned_git/Labs/lab_5/lab5_password.php on line 58
[11-Mar-2019 04:22:46 UTC] PHP Stack trace:
[11-Mar-2019 04:22:46 UTC] PHP   1. {main}() /home/ubuntu/workspace/cloned_git/Labs/lab_5/lab5_password.php:0
[11-Mar-2019 04:22:46 UTC] PHP   2. json_encode() /home/ubuntu/workspace/cloned_git/Labs/lab_5/lab5_password.php:58
[11-Mar-2019 04:23:16 UTC] PHP Warning:  strpos(): Empty needle in /home/ubuntu/workspace/cloned_git/Labs/lab_5/lab5_password.php on line 54
[11-Mar-2019 04:23:16 UTC] PHP Stack trace:
[11-Mar-2019 04:23:16 UTC] PHP   1. {main}() /home/ubuntu/workspace/cloned_git/Labs/lab_5/lab5_password.php:0
[11-Mar-2019 04:23:16 UTC] PHP   2. strpos() /home/ubuntu/workspace/cloned_git/Labs/lab_5/lab5_password.php:54
[11-Mar-2019 04:23:16 UTC] PHP Warning:  json_encode() expects parameter 2 to be long, string given in /home/ubuntu/workspace/cloned_git/Labs/lab_5/lab5_password.php on line 64
[11-Mar-2019 04:23:16 UTC] PHP Stack trace:
[11-Mar-2019 04:23:16 UTC] PHP   1. {main}() /home/ubuntu/workspace/cloned_git/Labs/lab_5/lab5_password.php:0
[11-Mar-2019 04:23:16 UTC] PHP   2. json_encode() /home/ubuntu/workspace/cloned_git/Labs/lab_5/lab5_password.php:64
[11-Mar-2019 04:23:46 UTC] PHP Warning:  strpos(): Empty needle in /home/ubuntu/workspace/cloned_git/Labs/lab_5/lab5_password.php on line 54
[11-Mar-2019 04:23:46 UTC] PHP Stack trace:
[11-Mar-2019 04:23:46 UTC] PHP   1. {main}() /home/ubuntu/workspace/cloned_git/Labs/lab_5/lab5_password.php:0
[11-Mar-2019 04:23:46 UTC] PHP   2. strpos() /home/ubuntu/workspace/cloned_git/Labs/lab_5/lab5_password.php:54
[11-Mar-2019 04:23:46 UTC] PHP Warning:  json_encode() expects parameter 2 to be long, string given in /home/ubuntu/workspace/cloned_git/Labs/lab_5/lab5_password.php on line 64
[11-Mar-2019 04:23:46 UTC] PHP Stack trace:
[11-Mar-2019 04:23:46 UTC] PHP   1. {main}() /home/ubuntu/workspace/cloned_git/Labs/lab_5/lab5_password.php:0
[11-Mar-2019 04:23:46 UTC] PHP   2. json_encode() /home/ubuntu/workspace/cloned_git/Labs/lab_5/lab5_password.php:64
[11-Mar-2019 04:24:01 UTC] PHP Warning:  json_encode() expects parameter 2 to be long, string given in /home/ubuntu/workspace/cloned_git/Labs/lab_5/lab5_password.php on line 64
[11-Mar-2019 04:24:01 UTC] PHP Stack trace:
[11-Mar-2019 04:24:01 UTC] PHP   1. {main}() /home/ubuntu/workspace/cloned_git/Labs/lab_5/lab5_password.php:0
[11-Mar-2019 04:24:01 UTC] PHP   2. json_encode() /home/ubuntu/workspace/cloned_git/Labs/lab_5/lab5_password.php:64
[11-Mar-2019 04:25:13 UTC] PHP Warning:  strpos(): Empty needle in /home/ubuntu/workspace/cloned_git/Labs/lab_5/lab5_password.php on line 53
[11-Mar-2019 04:25:13 UTC] PHP Stack trace:
[11-Mar-2019 04:25:13 UTC] PHP   1. {main}() /home/ubuntu/workspace/cloned_git/Labs/lab_5/lab5_password.php:0
[11-Mar-2019 04:25:13 UTC] PHP   2. strpos() /home/ubuntu/workspace/cloned_git/Labs/lab_5/lab5_password.php:53
[11-Mar-2019 04:25:13 UTC] PHP Warning:  json_encode() expects parameter 2 to be long, string given in /home/ubuntu/workspace/cloned_git/Labs/lab_5/lab5_password.php on line 63
[11-Mar-2019 04:25:13 UTC] PHP Stack trace:
[11-Mar-2019 04:25:13 UTC] PHP   1. {main}() /home/ubuntu/workspace/cloned_git/Labs/lab_5/lab5_password.php:0
[11-Mar-2019 04:25:13 UTC] PHP   2. json_encode() /home/ubuntu/workspace/cloned_git/Labs/lab_5/lab5_password.php:63
[11-Mar-2019 04:25:33 UTC] PHP Warning:  json_encode() expects parameter 2 to be long, string given in /home/ubuntu/workspace/cloned_git/Labs/lab_5/lab5_password.php on line 63
[11-Mar-2019 04:25:33 UTC] PHP Stack trace:
[11-Mar-2019 04:25:33 UTC] PHP   1. {main}() /home/ubuntu/workspace/cloned_git/Labs/lab_5/lab5_password.php:0
[11-Mar-2019 04:25:33 UTC] PHP   2. json_encode() /home/ubuntu/workspace/cloned_git/Labs/lab_5/lab5_password.php:63
[11-Mar-2019 04:26:18 UTC] PHP Warning:  strpos(): Empty needle in /home/ubuntu/workspace/cloned_git/Labs/lab_5/lab5_password.php on line 53
[11-Mar-2019 04:26:18 UTC] PHP Stack trace:
[11-Mar-2019 04:26:18 UTC] PHP   1. {main}() /home/ubuntu/workspace/cloned_git/Labs/lab_5/lab5_password.php:0
[11-Mar-2019 04:26:18 UTC] PHP   2. strpos() /home/ubuntu/workspace/cloned_git/Labs/lab_5/lab5_password.php:53
[11-Mar-2019 04:27:23 UTC] PHP Warning:  json_encode() expects at most 3 parameters, 5 given in /home/ubuntu/workspace/cloned_git/Labs/lab_5/lab5_password.php on line 63
[11-Mar-2019 04:27:23 UTC] PHP Stack trace:
[11-Mar-2019 04:27:23 UTC] PHP   1. {main}() /home/ubuntu/workspace/cloned_git/Labs/lab_5/lab5_password.php:0
[11-Mar-2019 04:27:23 UTC] PHP   2. json_encode() /home/ubuntu/workspace/cloned_git/Labs/lab_5/lab5_password.php:63
[11-Mar-2019 04:27:58 UTC] PHP Warning:  json_encode() expects parameter 2 to be long, string given in /home/ubuntu/workspace/cloned_git/Labs/lab_5/lab5_password.php on line 63
[11-Mar-2019 04:27:58 UTC] PHP Stack trace:
[11-Mar-2019 04:27:58 UTC] PHP   1. {main}() /home/ubuntu/workspace/cloned_git/Labs/lab_5/lab5_password.php:0
[11-Mar-2019 04:27:58 UTC] PHP   2. json_encode() /home/ubuntu/workspace/cloned_git/Labs/lab_5/lab5_password.php:63
[11-Mar-2019 04:29:53 UTC] PHP Warning:  json_encode() expects parameter 2 to be long, string given in /home/ubuntu/workspace/cloned_git/Labs/lab_5/lab5_password.php on line 63
[11-Mar-2019 04:29:53 UTC] PHP Stack trace:
[11-Mar-2019 04:29:53 UTC] PHP   1. {main}() /home/ubuntu/workspace/cloned_git/Labs/lab_5/lab5_password.php:0
[11-Mar-2019 04:29:53 UTC] PHP   2. json_encode() /home/ubuntu/workspace/cloned_git/Labs/lab_5/lab5_password.php:63
[11-Mar-2019 04:33:28 UTC] PHP Warning:  strpos(): Empty needle in /home/ubuntu/workspace/cloned_git/Labs/lab_5/lab5_password.php on line 53
[11-Mar-2019 04:33:28 UTC] PHP Stack trace:
[11-Mar-2019 04:33:28 UTC] PHP   1. {main}() /home/ubuntu/workspace/cloned_git/Labs/lab_5/lab5_password.php:0
[11-Mar-2019 04:33:28 UTC] PHP   2. strpos() /home/ubuntu/workspace/cloned_git/Labs/lab_5/lab5_password.php:53
[11-Mar-2019 04:48:40 UTC] PHP Warning:  strpos(): Empty needle in /home/ubuntu/workspace/cloned_git/Labs/lab_5/lab5_password.php on line 54
[11-Mar-2019 04:48:40 UTC] PHP Stack trace:
[11-Mar-2019 04:48:40 UTC] PHP   1. {main}() /home/ubuntu/workspace/cloned_git/Labs/lab_5/lab5_password.php:0
[11-Mar-2019 04:48:40 UTC] PHP   2. strpos() /home/ubuntu/workspace/cloned_git/Labs/lab_5/lab5_password.php:54
[11-Mar-2019 04:51:04 UTC] PHP Warning:  strpos(): Empty needle in /home/ubuntu/workspace/cloned_git/Labs/lab_5/lab5_password.php on line 54
[11-Mar-2019 04:51:04 UTC] PHP Stack trace:
[11-Mar-2019 04:51:04 UTC] PHP   1. {main}() /home/ubuntu/workspace/cloned_git/Labs/lab_5/lab5_password.php:0
[11-Mar-2019 04:51:04 UTC] PHP   2. strpos() /home/ubuntu/workspace/cloned_git/Labs/lab_5/lab5_password.php:54
[13-Mar-2019 23:20:00 UTC] PHP Fatal error:  Uncaught exception 'PDOException' with message 'SQLSTATE[HY000] [1049] Unknown database 'crime_tips'' in /home/ubuntu/workspace/cloned_git/Labs/lab_6/lab6.php:68
Stack trace:
#0 /home/ubuntu/workspace/cloned_git/Labs/lab_6/lab6.php(68): PDO->__construct('mysql:host=0.0....', 'karl6390', '')
#1 /home/ubuntu/workspace/cloned_git/Labs/lab_6/lab6.php(11): onGet()
#2 {main}
  thrown in /home/ubuntu/workspace/cloned_git/Labs/lab_6/lab6.php on line 68
[13-Mar-2019 23:36:09 UTC] PHP Fatal error:  Uncaught exception 'PDOException' with message 'SQLSTATE[HY000] [1049] Unknown database 'crime_tips'' in /home/ubuntu/workspace/cloned_git/Labs/lab_6/lab6.php:68
Stack trace:
#0 /home/ubuntu/workspace/cloned_git/Labs/lab_6/lab6.php(68): PDO->__construct('mysql:host=0.0....', 'karl6390', '')
#1 /home/ubuntu/workspace/cloned_git/Labs/lab_6/lab6.php(11): onGet()
#2 {main}
  thrown in /home/ubuntu/workspace/cloned_git/Labs/lab_6/lab6.php on line 68
